[    0.000000] Linux version 4.15.0-212-generic (buildd@lcy02-amd64-083) (gcc version 7.5.0 (Ubuntu 7.5.0-3ubuntu1~18.04)) #223-Ubuntu SMP Tue May 23 13:09:22 UTC 2023 (Ubuntu 4.15.0-212.223-generic 4.15.18)
[    0.000000] Command line: BOOT_IMAGE=/boot/vmlinuz-4.15.0-212-generic root=LABEL=cloudimg-rootfs ro console=tty1 console=ttyS0
[    0.000000] KERNEL supported cpus:
[    0.000000]   Intel GenuineIntel
[    0.000000]   AMD AuthenticAMD
[    0.000000]   Centaur CentaurHauls
[    0.000000] x86/fpu: Supporting XSAVE feature 0x001: 'x87 floating point registers'
[    0.000000] x86/fpu: Supporting XSAVE feature 0x002: 'SSE registers'
[    0.000000] x86/fpu: Supporting XSAVE feature 0x004: 'AVX registers'
[    0.000000] x86/fpu: xstate_offset[2]:  576, xstate_sizes[2]:  256
[    0.000000] x86/fpu: Enabled xstate features 0x7, context size is 832 bytes, using 'standard' format.
[    0.000000] e820: BIOS-provided physical RAM map:
[    0.000000] BIOS-e820: [mem 0x0000000000000000-0x000000000009fbff] usable
[    0.000000] BIOS-e820: [mem 0x000000000009fc00-0x000000000009ffff] reserved
[    0.000000] BIOS-e820: [mem 0x00000000000f0000-0x00000000000fffff] reserved
[    0.000000] BIOS-e820: [mem 0x0000000000100000-0x000000003ffeffff] usable
[    0.000000] BIOS-e820: [mem 0x000000003fff0000-0x000000003fffffff] ACPI data
[    0.000000] BIOS-e820: [mem 0x00000000fec00000-0x00000000fec00fff] reserved
[    0.000000] BIOS-e820: [mem 0x00000000fee00000-0x00000000fee00fff] reserved
[    0.000000] BIOS-e820: [mem 0x00000000fffc0000-0x00000000ffffffff] reserved
[    0.000000] NX (Execute Disable) protection: active
[    0.000000] SMBIOS 2.5 present.
[    0.000000] DMI: innotek GmbH VirtualBox/VirtualBox, BIOS VirtualBox 12/01/2006
[    0.000000] Hypervisor detected: KVM
[    0.000000] e820: last_pfn = 0x3fff0 max_arch_pfn = 0x400000000
[    0.000000] MTRR: Disabled
[    0.000000] x86/PAT: MTRRs disabled, skipping PAT initialization too.
[    0.000000] CPU MTRRs all blank - virtualized system.
[    0.000000] x86/PAT: Configuration [0-7]: WB  WT  UC- UC  WB  WT  UC- UC  
[    0.000000] found SMP MP-table at [mem 0x0009fff0-0x0009ffff]
[    0.000000] Scanning 1 areas for low memory corruption
[    0.000000] RAMDISK: [mem 0x359cb000-0x36cdcfff]
[    0.000000] ACPI: Early table checksum verification disabled
[    0.000000] ACPI: RSDP 0x00000000000E0000 000024 (v02 VBOX  )
[    0.000000] ACPI: XSDT 0x000000003FFF0030 00003C (v01 VBOX   VBOXXSDT 00000001 ASL  00000061)
[    0.000000] ACPI: FACP 0x000000003FFF00F0 0000F4 (v04 VBOX   VBOXFACP 00000001 ASL  00000061)
[    0.000000] ACPI: DSDT 0x000000003FFF0610 002353 (v02 VBOX   VBOXBIOS 00000002 INTL 20100528)
[    0.000000] ACPI: FACS 0x000000003FFF0200 000040
[    0.000000] ACPI: FACS 0x000000003FFF0200 000040
[    0.000000] ACPI: APIC 0x000000003FFF0240 00005C (v02 VBOX   VBOXAPIC 00000001 ASL  00000061)
[    0.000000] ACPI: SSDT 0x000000003FFF02A0 00036C (v01 VBOX   VBOXCPUT 00000002 INTL 20100528)
[    0.000000] ACPI: Reserving FACP table memory at [mem 0x3fff00f0-0x3fff01e3]
[    0.000000] ACPI: Reserving DSDT table memory at [mem 0x3fff0610-0x3fff2962]
[    0.000000] ACPI: Reserving FACS table memory at [mem 0x3fff0200-0x3fff023f]
[    0.000000] ACPI: Reserving FACS table memory at [mem 0x3fff0200-0x3fff023f]
[    0.000000] ACPI: Reserving APIC table memory at [mem 0x3fff0240-0x3fff029b]
[    0.000000] ACPI: Reserving SSDT table memory at [mem 0x3fff02a0-0x3fff060b]
[    0.000000] No NUMA configuration found
[    0.000000] Faking a node at [mem 0x0000000000000000-0x000000003ffeffff]
[    0.000000] NODE_DATA(0) allocated [mem 0x3ffc5000-0x3ffeffff]
[    0.000000] kvm-clock: cpu 0, msr 0:3ff44001, primary cpu clock
[    0.000000] kvm-clock: Using msrs 4b564d01 and 4b564d00
[    0.000000] kvm-clock: using sched offset of 3610628129 cycles
[    0.000000] clocksource: kvm-clock: mask: 0xffffffffffffffff max_cycles: 0x1cd42e4dffb, max_idle_ns: 881590591483 ns
[    0.000000] Zone ranges:
[    0.000000]   DMA      [mem 0x0000000000001000-0x0000000000ffffff]
[    0.000000]   DMA32    [mem 0x0000000001000000-0x000000003ffeffff]
[    0.000000]   Normal   empty
[    0.000000]   Device   empty
[    0.000000] Movable zone start for each node
[    0.000000] Early memory node ranges
[    0.000000]   node   0: [mem 0x0000000000001000-0x000000000009efff]
[    0.000000]   node   0: [mem 0x0000000000100000-0x000000003ffeffff]
[    0.000000] Reserved but unavailable: 104 pages
[    0.000000] Initmem setup node 0 [mem 0x0000000000001000-0x000000003ffeffff]
[    0.000000] ACPI: PM-Timer IO Port: 0x4008
[    0.000000] IOAPIC[0]: apic_id 2, version 32, address 0xfec00000, GSI 0-23
[    0.000000] ACPI: INT_SRC_OVR (bus 0 bus_irq 0 global_irq 2 dfl dfl)
[    0.000000] ACPI: INT_SRC_OVR (bus 0 bus_irq 9 global_irq 9 low level)
[    0.000000] Using ACPI (MADT) for SMP configuration information
[    0.000000] smpboot: Allowing 2 CPUs, 0 hotplug CPUs
[    0.000000] PM: Registered nosave memory: [mem 0x00000000-0x00000fff]
[    0.000000] PM: Registered nosave memory: [mem 0x0009f000-0x0009ffff]
[    0.000000] PM: Registered nosave memory: [mem 0x000a0000-0x000effff]
[    0.000000] PM: Registered nosave memory: [mem 0x000f0000-0x000fffff]
[    0.000000] e820: [mem 0x40000000-0xfebfffff] available for PCI devices
[    0.000000] Booting paravirtualized kernel on KVM
[    0.000000] clocksource: refined-jiffies: mask: 0xffffffff max_cycles: 0xffffffff, max_idle_ns: 7645519600211568 ns
[    0.000000] setup_percpu: NR_CPUS:8192 nr_cpumask_bits:2 nr_cpu_ids:2 nr_node_ids:1
[    0.000000] percpu: Embedded 50 pages/cpu s167936 r8192 d28672 u1048576
[    0.000000] PV qspinlock hash table entries: 256 (order: 0, 4096 bytes)
[    0.000000] Built 1 zonelists, mobility grouping on.  Total pages: 257913
[    0.000000] Policy zone: DMA32
[    0.000000] Kernel command line: BOOT_IMAGE=/boot/vmlinuz-4.15.0-212-generic root=LABEL=cloudimg-rootfs ro console=tty1 console=ttyS0
[    0.000000] Memory: 982644K/1048120K available (12300K kernel code, 2477K rwdata, 4324K rodata, 2480K init, 2720K bss, 65476K reserved, 0K cma-reserved)
[    0.000000] SLUB: HWalign=64, Order=0-3, MinObjects=0, CPUs=2, Nodes=1
[    0.000000] ftrace: allocating 39508 entries in 155 pages
[    0.004000] Hierarchical RCU implementation.
[    0.004000] 	RCU restricting CPUs from NR_CPUS=8192 to nr_cpu_ids=2.
[    0.004000] 	Tasks RCU enabled.
[    0.004000] RCU: Adjusting geometry for rcu_fanout_leaf=16, nr_cpu_ids=2
[    0.004000] NR_IRQS: 524544, nr_irqs: 440, preallocated irqs: 16
[    0.004000] random: crng init done
[    0.004000] Console: colour VGA+ 80x25
[    0.004000] console [tty1] enabled
[    0.004000] console [ttyS0] enabled
[    0.004000] ACPI: Core revision 20170831
[    0.004000] ACPI: 2 ACPI AML tables successfully acquired and loaded
[    0.004000] APIC: Switch to symmetric I/O mode setup
[    0.004000] x2apic enabled
[    0.004000] Switched APIC routing to physical x2apic.
[    0.004000] ..TIMER: vector=0x30 apic1=0 pin1=2 apic2=-1 pin2=-1
[    0.004006] tsc: Detected 2112.000 MHz processor
[    0.008012] Calibrating delay loop (skipped) preset value.. 4224.00 BogoMIPS (lpj=8448000)
[    0.010712] pid_max: default: 32768 minimum: 301
[    0.012050] Security Framework initialized
[    0.013222] Yama: becoming mindful.
[    0.014137] AppArmor: AppArmor initialized
[    0.016027] Dentry cache hash table entries: 131072 (order: 8, 1048576 bytes)
[    0.020078] Inode-cache hash table entries: 65536 (order: 7, 524288 bytes)
[    0.021767] Mount-cache hash table entries: 2048 (order: 2, 16384 bytes)
[    0.024008] Mountpoint-cache hash table entries: 2048 (order: 2, 16384 bytes)
[    0.026141] Last level iTLB entries: 4KB 64, 2MB 8, 4MB 8
[    0.028003] Last level dTLB entries: 4KB 64, 2MB 0, 4MB 0, 1GB 4
[    0.029458] Spectre V1 : Mitigation: usercopy/swapgs barriers and __user pointer sanitization
[    0.031490] Spectre V2 : Mitigation: Retpolines
[    0.032002] Spectre V2 : Spectre v2 / SpectreRSB mitigation: Filling RSB on context switch
[    0.033981] Spectre V2 : Spectre v2 / SpectreRSB : Filling RSB on VMEXIT
[    0.036003] RETBleed: WARNING: Spectre v2 mitigation leaves CPU vulnerable to RETBleed attacks, data leaks possible!
[    0.038607] RETBleed: Vulnerable
[    0.040002] Speculative Store Bypass: Vulnerable
[    0.041211] TAA: Mitigation: TSX disabled
[    0.042207] MMIO Stale Data: Mitigation: Clear CPU buffers
[    0.043514] SRBDS: Unknown: Dependent on hypervisor status
[    0.044251] Freeing SMP alternatives memory: 36K
[    0.156803] smpboot: CPU0: Intel(R) Core(TM) i7-8665U CPU @ 1.90GHz (family: 0x6, model: 0x8e, stepping: 0xc)
[    0.159324] Performance Events: unsupported p6 CPU model 142 no PMU driver, software events only.
[    0.160050] Hierarchical SRCU implementation.
[    0.161863] NMI watchdog: Perf event create on CPU 0 failed with -2
[    0.164003] NMI watchdog: Perf NMI watchdog permanently disabled
[    0.165548] smp: Bringing up secondary CPUs ...
[    0.166782] x86: Booting SMP configuration:
[    0.168005] .... node  #0, CPUs:      #1
[    0.004000] kvm-clock: cpu 1, msr 0:3ff44041, secondary cpu clock
[    0.172031] smp: Brought up 1 node, 2 CPUs
[    0.173076] smpboot: Max logical packages: 1
[    0.174223] smpboot: Total of 2 processors activated (8448.00 BogoMIPS)
[    0.176127] devtmpfs: initialized
[    0.176754] x86/mm: Memory block size: 128MB
[    0.177903] evm: security.selinux
[    0.178654] evm: security.SMACK64
[    0.180003] evm: security.SMACK64EXEC
[    0.181029] evm: security.SMACK64TRANSMUTE
[    0.182072] evm: security.SMACK64MMAP
[    0.183042] evm: security.apparmor
[    0.184005] evm: security.ima
[    0.184610] evm: security.capability
[    0.185703] clocksource: jiffies: mask: 0xffffffff max_cycles: 0xffffffff, max_idle_ns: 7645041785100000 ns
[    0.188029] futex hash table entries: 512 (order: 3, 32768 bytes)
[    0.189249] pinctrl core: initialized pinctrl subsystem
[    0.192101] RTC time: 16:29:56, date: 10/02/23
[    0.193095] NET: Registered protocol family 16
[    0.196122] audit: initializing netlink subsys (disabled)
[    0.197736] audit: type=2000 audit(1696264200.700:1): state=initialized audit_enabled=0 res=1
[    0.200018] cpuidle: using governor ladder
[    0.200787] cpuidle: using governor menu
[    0.202073] ACPI: bus type PCI registered
[    0.203067] acpiphp: ACPI Hot Plug PCI Controller Driver version: 0.5
[    0.204198] PCI: Using configuration type 1 for base access
[    0.208233] HugeTLB registered 2.00 MiB page size, pre-allocated 0 pages
[    0.209671] ACPI: Added _OSI(Module Device)
[    0.209671] ACPI: Added _OSI(Processor Device)
[    0.212004] ACPI: Added _OSI(3.0 _SCP Extensions)
[    0.213543] ACPI: Added _OSI(Processor Aggregator Device)
[    0.214504] ACPI: Added _OSI(Linux-Dell-Video)
[    0.215318] ACPI: Added _OSI(Linux-Lenovo-NV-HDMI-Audio)
[    0.216003] ACPI: Added _OSI(Linux-HPI-Hybrid-Graphics)
[    0.217771] ACPI: Executed 1 blocks of module-level executable AML code
[    0.226739] ACPI: Interpreter enabled
[    0.228000] ACPI: (supports S0 S5)
[    0.228004] ACPI: Using IOAPIC for interrupt routing
[    0.229609] PCI: Using host bridge windows from ACPI; if necessary, use "pci=nocrs" and report a bug
[    0.232274] ACPI: Enabled 2 GPEs in block 00 to 07
[    0.244071] ACPI: PCI Root Bridge [PCI0] (domain 0000 [bus 00-ff])
[    0.247012] acpi PNP0A03:00: _OSC: OS supports [ASPM ClockPM Segments MSI]
[    0.248788] acpi PNP0A03:00: _OSC: not requesting OS control; OS requires [ExtendedConfig ASPM ClockPM MSI]
[    0.252026] acpi PNP0A03:00: fail to add MMCONFIG information, can't access extended PCI configuration space under this bridge.
[    0.256652] PCI host bridge to bus 0000:00
[    0.258078] pci_bus 0000:00: root bus resource [io  0x0000-0x0cf7 window]
[    0.260005] pci_bus 0000:00: root bus resource [io  0x0d00-0xffff window]
[    0.262035] pci_bus 0000:00: root bus resource [mem 0x000a0000-0x000bffff window]
[    0.264004] pci_bus 0000:00: root bus resource [mem 0x40000000-0xfdffffff window]
[    0.268005] pci_bus 0000:00: root bus resource [bus 00-ff]
[    0.272321] pci 0000:00:01.1: legacy IDE quirk: reg 0x10: [io  0x01f0-0x01f7]
[    0.274855] pci 0000:00:01.1: legacy IDE quirk: reg 0x14: [io  0x03f6]
[    0.276008] pci 0000:00:01.1: legacy IDE quirk: reg 0x18: [io  0x0170-0x0177]
[    0.277882] pci 0000:00:01.1: legacy IDE quirk: reg 0x1c: [io  0x0376]
[    0.300605] pci 0000:00:07.0: quirk: [io  0x4000-0x403f] claimed by PIIX4 ACPI
[    0.302789] pci 0000:00:07.0: quirk: [io  0x4100-0x410f] claimed by PIIX4 SMB
[    0.315715] ACPI: PCI Interrupt Link [LNKA] (IRQs 5 9 10 *11)
[    0.316374] ACPI: PCI Interrupt Link [LNKB] (IRQs 5 9 *10 11)
[    0.318195] ACPI: PCI Interrupt Link [LNKC] (IRQs 5 *9 10 11)
[    0.320157] ACPI: PCI Interrupt Link [LNKD] (IRQs 5 9 10 *11)
[    0.322062] SCSI subsystem initialized
[    0.324076] pci 0000:00:02.0: vgaarb: setting as boot VGA device
[    0.325157] pci 0000:00:02.0: vgaarb: VGA device added: decodes=io+mem,owns=io+mem,locks=none
[    0.327151] pci 0000:00:02.0: vgaarb: bridge control possible
[    0.328004] vgaarb: loaded
[    0.328759] ACPI: bus type USB registered
[    0.329560] usbcore: registered new interface driver usbfs
[    0.330623] usbcore: registered new interface driver hub
[    0.332012] usbcore: registered new device driver usb
[    0.333069] EDAC MC: Ver: 3.0.0
[    0.333069] PCI: Using ACPI for IRQ routing
[    0.336140] NetLabel: Initializing
[    0.337470] NetLabel:  domain hash size = 128
[    0.338997] NetLabel:  protocols = UNLABELED CIPSOv4 CALIPSO
[    0.340043] NetLabel:  unlabeled traffic allowed by default
[    0.341822] clocksource: Switched to clocksource kvm-clock
[    0.365389] VFS: Disk quotas dquot_6.6.0
[    0.366819] VFS: Dquot-cache hash table entries: 512 (order 0, 4096 bytes)
[    0.369401] AppArmor: AppArmor Filesystem Enabled
[    0.370836] pnp: PnP ACPI init
[    0.373317] pnp: PnP ACPI: found 3 devices
[    0.384518] clocksource: acpi_pm: mask: 0xffffff max_cycles: 0xffffff, max_idle_ns: 2085701024 ns
[    0.387148] NET: Registered protocol family 2
[    0.388035] IP idents hash table entries: 16384 (order: 5, 131072 bytes)
[    0.392531] TCP established hash table entries: 8192 (order: 4, 65536 bytes)
[    0.393889] TCP bind hash table entries: 8192 (order: 5, 131072 bytes)
[    0.395183] TCP: Hash tables configured (established 8192 bind 8192)
[    0.396751] UDP hash table entries: 512 (order: 2, 16384 bytes)
[    0.398275] UDP-Lite hash table entries: 512 (order: 2, 16384 bytes)
[    0.400245] NET: Registered protocol family 1
[    0.401601] pci 0000:00:00.0: Limiting direct PCI/PCI transfers
[    0.402978] pci 0000:00:01.0: Activating ISA DMA hang workarounds
[    0.405063] pci 0000:00:02.0: Video device with shadowed ROM at [mem 0x000c0000-0x000dffff]
[    0.407641] Unpacking initramfs...
[    0.854406] Freeing initrd memory: 19528K
[    0.856150] clocksource: tsc: mask: 0xffffffffffffffff max_cycles: 0x1e71785e5dd, max_idle_ns: 440795244814 ns
[    0.859022] platform rtc_cmos: registered platform RTC device (no PNP device found)
[    0.861000] Scanning for low memory corruption every 60 seconds
[    0.863175] Initialise system trusted keyrings
[    0.864482] Key type blacklist registered
[    0.865565] workingset: timestamp_bits=36 max_order=18 bucket_order=0
[    0.868686] zbud: loaded
[    0.870508] squashfs: version 4.0 (2009/01/31) Phillip Lougher
[    0.872720] fuse init (API version 7.26)
[    0.875999] Key type asymmetric registered
[    0.876965] Asymmetric key parser 'x509' registered
[    0.878178] Block layer SCSI generic (bsg) driver version 0.4 loaded (major 246)
[    0.880355] io scheduler noop registered
[    0.881866] io scheduler deadline registered
[    0.882823] io scheduler cfq registered (default)
[    0.884503] ACPI: AC Adapter [AC] (on-line)
[    0.885731] input: Power Button as /devices/LNXSYSTM:00/LNXPWRBN:00/input/input0
[    0.887831] ACPI: Power Button [PWRF]
[    0.889001] input: Sleep Button as /devices/LNXSYSTM:00/LNXSLPBN:00/input/input1
[    0.890891] ACPI: Sleep Button [SLPF]
[    0.892781] ACPI: Battery Slot [BAT0] (battery present)
[    0.893774] Serial: 8250/16550 driver, 32 ports, IRQ sharing enabled
[    0.915849] 00:02: ttyS0 at I/O 0x3f8 (irq = 4, base_baud = 115200) is a 16550A
[    0.921644] Linux agpgart interface v0.103
[    0.927430] loop: module loaded
[    0.928831] scsi host0: ata_piix
[    0.929818] scsi host1: ata_piix
[    0.930947] ata1: PATA max UDMA/33 cmd 0x1f0 ctl 0x3f6 bmdma 0xd000 irq 14
[    0.932898] ata2: PATA max UDMA/33 cmd 0x170 ctl 0x376 bmdma 0xd008 irq 15
[    0.935745] tun: Universal TUN/TAP device driver, 1.6
[    0.937155] PPP generic driver version 2.4.2
[    0.938350] ehci_hcd: USB 2.0 'Enhanced' Host Controller (EHCI) Driver
[    0.939970] ehci-pci: EHCI PCI platform driver
[    0.940896] ehci-platform: EHCI generic platform driver
[    0.941981] ohci_hcd: USB 1.1 'Open' Host Controller (OHCI) Driver
[    0.943256] ohci-pci: OHCI PCI platform driver
[    0.944456] ohci-platform: OHCI generic platform driver
[    0.945530] uhci_hcd: USB Universal Host Controller Interface driver
[    0.947074] i8042: PNP: PS/2 Controller [PNP0303:PS2K,PNP0f03:PS2M] at 0x60,0x64 irq 1,12
[    0.949850] serio: i8042 KBD port at 0x60,0x64 irq 1
[    0.951020] serio: i8042 AUX port at 0x60,0x64 irq 12
[    0.952399] mousedev: PS/2 mouse device common for all mice
[    0.955369] rtc_cmos rtc_cmos: rtc core: registered rtc_cmos as rtc0
[    0.957246] input: AT Translated Set 2 keyboard as /devices/platform/i8042/serio0/input/input2
[    0.959727] rtc_cmos rtc_cmos: alarms up to one day, 114 bytes nvram
[    0.961302] i2c /dev entries driver
[    0.962032] device-mapper: uevent: version 1.0.3
[    0.963167] device-mapper: ioctl: 4.37.0-ioctl (2017-09-20) initialised: dm-devel@redhat.com
[    0.965484] ledtrig-cpu: registered to indicate activity on CPUs
[    0.967951] NET: Registered protocol family 10
[    0.974063] Segment Routing with IPv6
[    0.975596] NET: Registered protocol family 17
[    0.976954] Key type dns_resolver registered
[    0.978310] mce: Using 0 MCE banks
[    0.979279] RAS: Correctable Errors collector initialized.
[    0.981074] sched_clock: Marking stable (981026219, 0)->(1177675802, -196649583)
[    0.983874] registered taskstats version 1
[    0.985134] Loading compiled-in X.509 certificates
[    0.988502] Loaded X.509 cert 'Build time autogenerated kernel key: b5b26778eaa3ab3a4a6cee031137706e947d12ad'
[    0.991474] Loaded X.509 cert 'Canonical Ltd. Live Patch Signing: 14df34d1a87cf37625abec039ef2bf521249b969'
[    0.994274] Loaded X.509 cert 'Canonical Ltd. Kernel Module Signing: 88f752e560a1e0737e31163a466ad7b70a850c19'
[    0.996770] blacklist: Loading compiled-in revocation X.509 certificates
[    0.998302] Loaded X.509 cert 'Canonical Ltd. Secure Boot Signing: 61482aa2830d0ab2ad5af10b7250da9033ddcef0'
[    1.000497] Loaded X.509 cert 'Canonical Ltd. Secure Boot Signing (2017): 242ade75ac4a15e50d50c84b0d45ff3eae707a03'
[    1.003341] Loaded X.509 cert 'Canonical Ltd. Secure Boot Signing (ESM 2018): 365188c1d374d6b07c3c8f240f8ef722433d6a8b'
[    1.005832] Loaded X.509 cert 'Canonical Ltd. Secure Boot Signing (2019): c0746fd6c5da3ae827864651ad66ae47fe24b3e8'
[    1.008252] Loaded X.509 cert 'Canonical Ltd. Secure Boot Signing (2021 v1): a8d54bbb3825cfb94fa13c9f8a594a195c107b8d'
[    1.010962] Loaded X.509 cert 'Canonical Ltd. Secure Boot Signing (2021 v2): 4cf046892d6fd3c9a5b03f98d845f90851dc6a8c'
[    1.014188] Loaded X.509 cert 'Canonical Ltd. Secure Boot Signing (2021 v3): 100437bb6de6e469b581e61cd66bce3ef4ed53af'
[    1.016634] Loaded X.509 cert 'Canonical Ltd. Secure Boot Signing (Ubuntu Core 2019): c1d57b8f6b743f23ee41f4f7ee292f06eecadfb9'
[    1.019389] zswap: loaded using pool lzo/zbud
[    1.023729] Key type big_key registered
[    1.024570] Key type trusted registered
[    1.026767] Key type encrypted registered
[    1.027559] AppArmor: AppArmor sha1 policy hashing enabled
[    1.028758] ima: No TPM chip found, activating TPM-bypass! (rc=-19)
[    1.030046] ima: Allocated hash algorithm: sha1
[    1.031128] evm: HMAC attrs: 0x1
[    1.032199]   Magic number: 11:796:488
[    1.033163] regulator regulator.0: hash matches
[    1.034681] rtc_cmos rtc_cmos: setting system clock to 2023-10-02 16:29:56 UTC (1696264196)
[    1.037398] BIOS EDD facility v0.16 2004-Jun-25, 0 devices found
[    1.039134] EDD information not available.
[    1.121607] Freeing unused kernel image memory: 2480K
[    1.128343] Write protecting the kernel read-only data: 20480k
[    1.131106] Freeing unused kernel image memory: 2008K
[    1.132750] Freeing unused kernel image memory: 1820K
[    1.149520] x86/mm: Checked W+X mappings: passed, no W+X pages found.
Loading, please wait...
starting version 237
[    1.229995] e1000: Intel(R) PRO/1000 Network Driver - version 7.3.21-k8-NAPI
[    1.231789] e1000: Copyright (c) 1999-2006 Intel Corporation.
[    1.238941] Fusion MPT base driver 3.04.20
[    1.240562] Copyright (c) 1999-2008 LSI Corporation
[    1.260448] AVX2 version of gcm_enc/dec engaged.
[    1.261613] AES CTR mode by8 optimization enabled
[    1.270393] Fusion MPT SPI Host driver 3.04.20
[    1.456756] input: ImExPS/2 Generic Explorer Mouse as /devices/platform/i8042/serio1/input/input4
[    1.681827] e1000 0000:00:03.0 eth0: (PCI:33MHz:32-bit) 02:3b:7b:b7:3b:2d
[    1.683706] e1000 0000:00:03.0 eth0: Intel(R) PRO/1000 Network Connection
[    1.686264] mptbase: ioc0: Initiating bringup
[    1.792973] ioc0: LSI53C1030 A0: Capabilities={Initiator}
[    2.049851] scsi host2: ioc0: LSI53C1030 A0, FwRev=00000000h, Ports=1, MaxQ=256, IRQ=20
[    2.221126] scsi 2:0:0:0: Direct-Access     VBOX     HARDDISK         1.0  PQ: 0 ANSI: 5
[    2.267085] scsi target2:0:0: Beginning Domain Validation
[    2.270375] scsi target2:0:0: Domain Validation skipping write tests
[    2.271990] scsi target2:0:0: Ending Domain Validation
[    2.273558] scsi target2:0:0: asynchronous
[    2.275155] scsi 2:0:1:0: Direct-Access     VBOX     HARDDISK         1.0  PQ: 0 ANSI: 5
[    2.628150] scsi target2:0:1: Beginning Domain Validation
[    2.631116] scsi target2:0:1: Domain Validation skipping write tests
[    2.632740] scsi target2:0:1: Ending Domain Validation
[    2.634089] scsi target2:0:1: asynchronous
[    2.640361] sd 2:0:0:0: Attached scsi generic sg0 type 0
[    2.642809] e1000 0000:00:08.0 eth1: (PCI:33MHz:32-bit) 08:00:27:2d:2d:5c
[    2.645046] e1000 0000:00:08.0 eth1: Intel(R) PRO/1000 Network Connection
[    2.647256] sd 2:0:0:0: [sda] 83886080 512-byte logical blocks: (42.9 GB/40.0 GiB)
[    2.647363] sd 2:0:1:0: Attached scsi generic sg1 type 0
[    2.650886] sd 2:0:0:0: [sda] Write Protect is off
[    2.652838] sd 2:0:1:0: [sdb] 20480 512-byte logical blocks: (10.5 MB/10.0 MiB)
[    2.654797] sd 2:0:1:0: [sdb] Write Protect is off
[    2.656102] sd 2:0:0:0: [sda] Incomplete mode parameter data
[    2.658152] sd 2:0:0:0: [sda] Assuming drive cache: write through
[    2.659718] sd 2:0:1:0: [sdb] Incomplete mode parameter data
[    2.661132] sd 2:0:1:0: [sdb] Assuming drive cache: write through
[    2.664113]  sda: sda1
[    2.665626] sd 2:0:0:0: [sda] Attached SCSI disk
[    2.666757] sd 2:0:1:0: [sdb] Attached SCSI disk
[    2.669402] e1000 0000:00:03.0 enp0s3: renamed from eth0
[    2.689112] e1000 0000:00:08.0 enp0s8: renamed from eth1
Begin: Loading essential drivers ... [    4.240037] raid6: sse2x1   gen()  6411 MB/s
[    4.288042] raid6: sse2x1   xor()  4160 MB/s
[    4.336036] raid6: sse2x2   gen()  6900 MB/s
[    4.384053] raid6: sse2x2   xor()  3567 MB/s
[    4.432061] raid6: sse2x4   gen()  7333 MB/s
[    4.480071] raid6: sse2x4   xor()  4017 MB/s
[    4.528055] raid6: avx2x1   gen()  9731 MB/s
[    4.576037] raid6: avx2x1   xor()  4977 MB/s
[    4.624020] raid6: avx2x2   gen()  9354 MB/s
[    4.672090] raid6: avx2x2   xor()  6627 MB/s
[    4.720045] raid6: avx2x4   gen() 11616 MB/s
[    4.768059] raid6: avx2x4   xor()  8389 MB/s
[    4.769210] raid6: using algorithm avx2x4 gen() 11616 MB/s
[    4.770731] raid6: .... xor() 8389 MB/s, rmw enabled
[    4.772099] raid6: using avx2x2 recovery algorithm
[    4.775129] xor: automatically using best checksumming function   avx       
[    4.779171] async_tx: api initialized (async)
done.
Begin: Running /scripts/init-premount ... done.
Begin: Mounting root file system ... Begin: Running /scripts/local-top ... done.
Begin: Running /scripts/local-premount ... [    4.845774] Btrfs loaded, crc32c=crc32c-intel
Scanning for Btrfs filesystems
done.
Warning: fsck not present, so skipping root file system
[    4.881204] EXT4-fs (sda1): mounted filesystem with ordered data mode. Opts: (null)
done.
Begin: Running /scripts/local-bottom ... done.
Begin: Running /scripts/init-bottom ... done.
[    5.060375] ip_tables: (C) 2000-2006 Netfilter Core Team
[    5.071138] systemd[1]: systemd 237 running in system mode. (+PAM +AUDIT +SELINUX +IMA +APPARMOR +SMACK +SYSVINIT +UTMP +LIBCRYPTSETUP +GCRYPT +GNUTLS +ACL +XZ +LZ4 +SECCOMP +BLKID +ELFUTILS +KMOD -IDN2 +IDN -PCRE2 default-hierarchy=hybrid)
[    5.077259] systemd[1]: Detected virtualization oracle.
[    5.078802] systemd[1]: Detected architecture x86-64.

Welcome to [1mUbuntu 18.04.6 LTS[0m!

[    5.085262] systemd[1]: Set hostname to <ubuntu>.
[    5.088984] systemd[1]: Initializing machine ID from random generator.
[    5.091652] systemd[1]: Installed transient /etc/machine-id file.
[    5.346868] systemd[1]: Reached target User and Group Name Lookups.
[[0;32m  OK  [0m] Reached target User and Group Name Lookups.
[    5.349171] systemd[1]: Reached target Swap.
[[0;32m  OK  [0m] Reached target Swap.
[    5.350659] systemd[1]: Reached target System Time Synchronized.
[[0;32m  OK  [0m] Reached target System Time Synchronized.
[    5.352595] systemd[1]: Set up automount Arbitrary Executable File Formats File System Automount Point.
[[0;32m  OK  [0m] Set up automount Arbitrary Executab…rmats File System Automount Point.
[[0;32m  OK  [0m] Created slice System Slice.
[[0;32m  OK  [0m] Listening on Journal Audit Socket.
[[0;32m  OK  [0m] Listening on Syslog Socket.
[[0;32m  OK  [0m] Listening on Journal Socket (/dev/log).
[[0;32m  OK  [0m] Listening on udev Control Socket.
[[0;32m  OK  [0m] Listening on LVM2 metadata daemon socket.
[[0;32m  OK  [0m] Listening on fsck to fsckd communication Socket.
[[0;32m  OK  [0m] Listening on LVM2 poll daemon socket.
[[0;32m  OK  [0m] Listening on Device-mapper event daemon FIFOs.
[[0;32m  OK  [0m] Created slice system-serial\x2dgetty.slice.
[[0;32m  OK  [0m] Listening on udev Kernel Socket.
[[0;32m  OK  [0m] Listening on /dev/initctl Compatibility Named Pipe.
[[0;32m  OK  [0m] Reached target Mounting snaps.
[[0;32m  OK  [0m] Reached target Mounted snaps.
[[0;32m  OK  [0m] Started Forward Password Requests to Wall Directory Watch.
[[0;32m  OK  [0m] Listening on Journal Socket.
         Starting Journal Service...
         Starting Set the console keyboard layout...
         Starting Create list of required st…ce nodes for the current kernel...
         Starting Load Kernel Modules...
         Starting File System Check on Root Device...
         Starting udev Coldplug all Devices...
         Mounting Kernel Debug File System...
         Mounting POSIX Message Queue File System...
         Starting Monitoring of LVM2 mirrors…ng dmeventd or progress polling...
[[0;32m  OK  [0m] Created slice User and Session Slice.
[[0;32m  OK  [0m] Reached target Slices.
         Starting Uncomplicated firewall...
         Mounting Huge Pages File System...
[[0;32m  OK  [0m] Listening on Network Service Netlink Socket.
[[0;32m  OK  [0m] Started Journal Service.
[[0;32m  OK  [0m] Started Create list of required sta…vice nodes for the current kernel.
         Starting Create Static Device Nodes in /dev...
[    7.301947] Loading iSCSI transport class v2.0-870.
[    7.308568] iscsi: registered transport (tcp)
[    7.325966] iscsi: registered transport (iser)
[[0;32m  OK  [0m] Started Load Kernel Modules.
         Starting Apply Kernel Variables...
         Mounting FUSE Control File System...
         Mounting Kernel Configuration File System...
[[0;32m  OK  [0m] Started File System Check Daemon to report status.
[[0;32m  OK  [0m] Started Uncomplicated firewall.
[[0;32m  OK  [0m] Started udev Coldplug all Devices.
[[0;32m  OK  [0m] Started Create Static Device Nodes in /dev.
[[0;32m  OK  [0m] Mounted Kernel Debug File System.
[[0;32m  OK  [0m] Started File System Check on Root Device.
[[0;32m  OK  [0m] Mounted POSIX Message Queue File System.
[[0;32m  OK  [0m] Mounted Huge Pages File System.
[[0;32m  OK  [0m] Started Apply Kernel Variables.
[[0;32m  OK  [0m] Mounted FUSE Control File System.
[[0;32m  OK  [0m] Mounted Kernel Configuration File System.
[[0;32m  OK  [0m] Started LVM2 metadata daemon.
         Starting Remount Root and Kernel File Systems...
[[0;32m  OK  [0m] Started Monitoring of LVM2 mirrors,…sing dmeventd or progress polling.
[[0;32m  OK  [0m] Started Remount Root and Kernel File Systems.
         Starting Flush Journal to Persistent Storage...
         Starting udev Kernel Device Manager...
         Starting Load/Save Random Seed...
[[0;32m  OK  [0m] Started udev Kernel Device Manager.
[[0;32m  OK  [0m] Started Load/Save Random Seed.
[[0;32m  OK  [0m] Started Flush Journal to Persistent Storage.
[[0;32m  OK  [0m] Found device /dev/ttyS0.
[[0;32m  OK  [0m] Listening on Load/Save RF Kill Switch Status /dev/rfkill Watch.
         Mounting Arbitrary Executable File Formats File System...
[[0;32m  OK  [0m] Mounted Arbitrary Executable File Formats File System.
[[0;32m  OK  [0m] Started Set the console keyboard layout.
[[0;32m  OK  [0m] Started Dispatch Password Requests to Console Directory Watch.
[[0;32m  OK  [0m] Reached target Local Encrypted Volumes.
[[0;32m  OK  [0m] Reached target Local File Systems (Pre).
[[0;32m  OK  [0m] Reached target Local File Systems.
         Starting Set console font and keymap...
         Starting ebtables ruleset management...
         Starting AppArmor initialization...
         Starting Tell Plymouth To Write Out Runtime Data...
         Starting Commit a transient machine-id on disk...
         Starting Create Volatile Files and Directories...
[[0;32m  OK  [0m] Started Tell Plymouth To Write Out Runtime Data.
[[0;32m  OK  [0m] Started Create Volatile Files and Directories.
         Starting Update UTMP about System Boot/Shutdown...
[[0;32m  OK  [0m] Started Update UTMP about System Boot/Shutdown.
[[0;32m  OK  [0m] Started Commit a transient machine-id on disk.
[[0;32m  OK  [0m] Started ebtables ruleset management.
[[0;32m  OK  [0m] Started AppArmor initialization.
         Starting Initial cloud-init job (pre-networking)...
         Starting Load AppArmor profiles managed internally by snapd...
[[0;32m  OK  [0m] Started Load AppArmor profiles managed internally by snapd.
[[0;32m  OK  [0m] Started Set console font and keymap.
[   11.319182] cloud-init[786]: Cloud-init v. 23.1.2-0ubuntu0~18.04.1 running 'init-local' at Mon, 02 Oct 2023 16:30:06 +0000. Up 10.95 seconds.
[[0;32m  OK  [0m] Started Initial cloud-init job (pre-networking).
[[0;32m  OK  [0m] Reached target Network (Pre).
         Starting Network Service...
[[0;32m  OK  [0m] Started Network Service.
         Starting Network Name Resolution...
         Starting Wait for Network to be Configured...
[[0;32m  OK  [0m] Started Network Name Resolution.
[[0;32m  OK  [0m] Reached target Host and Network Name Lookups.
[[0;32m  OK  [0m] Reached target Network.
[[0;32m  OK  [0m] Started Wait for Network to be Configured.
         Starting Initial cloud-init job (metadata service crawler)...
[   13.937354] cloud-init[941]: Cloud-init v. 23.1.2-0ubuntu0~18.04.1 running 'init' at Mon, 02 Oct 2023 16:30:09 +0000. Up 13.78 seconds.
[   13.938598] cloud-init[941]: ci-info: ++++++++++++++++++++++++++++++++++++++Net device info+++++++++++++++++++++++++++++++++++++++
[   13.953046] cloud-init[941]: ci-info: +--------+-------+----------------------------+---------------+--------+-------------------+
[   13.953764] cloud-init[941]: ci-info: | Device |   Up  |          Address           |      Mask     | Scope  |     Hw-Address    |
[   13.968162] cloud-init[941]: ci-info: +--------+-------+----------------------------+---------------+--------+-------------------+
[   13.968924] cloud-init[941]: ci-info: | enp0s3 |  True |         10.0.2.15          | 255.255.255.0 | global | 02:3b:7b:b7:3b:2d |
[   13.969955] cloud-init[941]: ci-info: | enp0s3 |  True | fe80::3b:7bff:feb7:3b2d/64 |       .       |  link  | 02:3b:7b:b7:3b:2d |
[   13.971313] cloud-init[941]: ci-info: | enp0s8 | False |             .              |       .       |   .    | 08:00:27:2d:2d:5c |
[   13.972607] cloud-init[941]: ci-info: |   lo   |  True |         127.0.0.1          |   255.0.0.0   |  host  |         .         |
[   13.974215] cloud-init[941]: ci-info: |   lo   |  True |          ::1/128           |       .       |  host  |         .         |
[   13.975626] cloud-init[941]: ci-info: +--------+-------+----------------------------+---------------+--------+-------------------+
[   13.977128] cloud-init[941]: ci-info: ++++++++++++++++++++++++++++Route IPv4 info+++++++++++++++++++++++++++++
[   13.978287] cloud-init[941]: ci-info: +-------+-------------+----------+-----------------+-----------+-------+
[   13.992198] cloud-init[941]: ci-info: | Route | Destination | Gateway  |     Genmask     | Interface | Flags |
[   13.993609] cloud-init[941]: ci-info: +-------+-------------+----------+-----------------+-----------+-------+
[   14.004184] cloud-init[941]: ci-info: |   0   |   0.0.0.0   | 10.0.2.2 |     0.0.0.0     |   enp0s3  |   UG  |
[   14.005544] cloud-init[941]: ci-info: |   1   |   10.0.2.0  | 0.0.0.0  |  255.255.255.0  |   enp0s3  |   U   |
[   14.006886] cloud-init[941]: ci-info: |   2   |   10.0.2.2  | 0.0.0.0  | 255.255.255.255 |   enp0s3  |   UH  |
[   14.016241] cloud-init[941]: ci-info: +-------+-------------+----------+-----------------+-----------+-------+
[   14.017851] cloud-init[941]: ci-info: +++++++++++++++++++Route IPv6 info+++++++++++++++++++
[   14.019191] cloud-init[941]: ci-info: +-------+-------------+---------+-----------+-------+
[   14.020463] cloud-init[941]: ci-info: | Route | Destination | Gateway | Interface | Flags |
[   14.032127] cloud-init[941]: ci-info: +-------+-------------+---------+-----------+-------+
[   14.032732] cloud-init[941]: ci-info: |   1   |  fe80::/64  |    ::   |   enp0s3  |   U   |
[   14.048208] cloud-init[941]: ci-info: |   3   |    local    |    ::   |   enp0s3  |   U   |
[   14.049414] cloud-init[941]: ci-info: |   4   |   ff00::/8  |    ::   |   enp0s3  |   U   |
[   14.050687] cloud-init[941]: ci-info: +-------+-------------+---------+-----------+-------+
[   14.648585] cloud-init[941]: Generating public/private rsa key pair.
[   14.660226] cloud-init[941]: Your identification has been saved in /etc/ssh/ssh_host_rsa_key.
[   14.672244] cloud-init[941]: Your public key has been saved in /etc/ssh/ssh_host_rsa_key.pub.
[   14.684265] cloud-init[941]: The key fingerprint is:
[   14.696213] cloud-init[941]: SHA256:GjXXQHvfJ33AqWL/CpAZIbfDVSjifjTfrD1LlTcyiJE root@ubuntu-bionic
[[   14.708405] [0;32m  OK  [0mcloud-init] [941]: Started Initial cloud-init job (metadata service crawler).The key's randomart image is:

[[   14.721055] [0;32m  OK  [0mcloud-init] [941]: Reached target System Initialization.+---[RSA 2048]----+

[[   14.722116] [0;32m  OK  [0mcloud-init] [941]: Listening on UUID daemon activation socket.|      . o.+o.    |

[[   14.723081] cloud-init[941]: |      .+.+o+ . . |
[   14.723169] cloud-init[941]: |     . .BEo o +  |
[   14.723562] cloud-init[941]: |      ..oBo..o = |
[   14.724684] cloud-init[941]: |     ...S+o+.o=.*|
[   14.725037] cloud-init[941]: |      .o.o.oo.oo+|
[   14.725620] cloud-init[941]: |      ..  .oo    |
[   14.726164] cloud-init[941]: |          .oo.   |
[0;32m  OK  [0m] Started Ubuntu Advantage Timer for running repeated jobs.
[   14.726634] cloud-init[941]: |            o+.  |         Starting Socket activation for snappy daemon.

[   14.729699] cloud-init         Starting LXD - unix socket.
[[0;32m  OK  [0m] Listening on Open-iSCSI iscsid Socket.
[[0;32m  OK  [0m] Listening on D-Bus System Message Bus Socket.
[941]: +----[SHA256]-----+
[   14.739626] cloud-init[941]: Generating public/private dsa key pair.
[[0;32m  OK  [0m] Listening on cloud-init hotplug hook socket.
[   14.740508] cloud-init[941]: Your identification has been saved in /etc/ssh/ssh_host_dsa_key.
[[0;32m  OK  [0m] Started ACPI Events Check.
[   14.769111] [cloud-init[0;32m  OK  [0m[941]: ] Your public key has been saved in /etc/ssh/ssh_host_dsa_key.pub.Reached target Paths.

[[0;32m  OK  [0m] Started Discard unused blocks once a week.
[   14.796716] cloud-init[[941]: [0;32m  OK  [0mThe key fingerprint is:] 
Started Message of the Day.
[[0;32m  OK  [0m] Listening on ACPID Listen Socket.
[   14.825005] cloud-init[941]: SHA256:RGJYv7xok/cUVFW5Hy7V3hskUt/GZEwV7/t7kQaWw1o root@ubuntu-bionic
[[0;32m  OK  [0m] Started Daily apt download activities.
[   14.837189] cloud-init[[941]: [0;32m  OK  [0mThe key's randomart image is:] 
Started Daily apt upgrade and clean activities.
[[0;32m  OK  [0m] Started Daily Cleanup of Temporary Directories.
[   14.869961] [[0;32m  OK  [0m] Reached target Timers.
[[0;32m  OK  [0m] cloud-initReached target Cloud-config availability.
[[941]: [0;32m  OK  [0m] Reached target Network is Online.
+---[DSA 1024]----+
[[0;32m  OK  [0m] Reached target Remote File Systems (Pre).
[   14.885596] [[0;32m  OK  [0m] Reached target Remote File Systems.
cloud-init[941]: |     o+ .   ...=B|
         Starting Availability of block devices...
[   14.901058] cloud-init[[941]: [0;32m  OK  [0m|    .. +   . . .=|] 
Listening on Socket activation for snappy daemon.
[[0;32m  OK  [0m] Listening on LXD - unix socket.
[[0;32m  OK  [0m] Started Availability of block devices.
[   14.914286] cloud-init[[941]: [0;32m  OK  [0m|        o . o o+=|] 
Reached target Sockets.
[[0;32m  OK  [0m] Reached target Basic System.
[   14.915292]          Starting LXD - container startup/shutdown...
cloud-init[941]: |       o o . E B=|
[[0;32m  OK  [0m] Started Regular background program processing daemon.
[   14.928175] cloud-init[941]: |        S . = Bo*|
[   14.929997]          Starting LSB: Record successful boot for GRUB...
cloud-init[941]: [[0;32m  OK  [0m] Started FUSE filesystem for LXC.
|       o . o . *=|
[   14.933254]          Starting Permit User Sessions...
cloud-init         Starting System Logging Service...
         Starting Virtualbox guest utils...
[941]: [[0;32m  OK  [0m] Started D-Bus System Message Bus.
|      = o .   o.+|
[   14.937588] cloud-init[941]: |     . o o     .o|
[   14.938925] cloud-init[941]: |          .    .+|
[   14.941687] cloud-init[941]: +----[SHA256]-----+
[   14.944144] cloud-init[941]: Generating public/private ecdsa key pair.
[   14.945871] cloud-init[941]: Your identification has been saved in /etc/ssh/ssh_host_ecdsa_key.
[   14.947693] cloud-init[941]: Your public key has been saved in /etc/ssh/ssh_host_ecdsa_key.pub.
[   14.949583] cloud-init[941]: The key fingerprint is:
[   14.950721] cloud-init[941]: SHA256:aPfzz3DnH4kLxrVqJ7ngKnztUFfyWdqSpBQgNbtnOnk root@ubuntu-bionic
[   14.952418] cloud-init[941]: The key's randomart image is:
[   14.953605] cloud-init[941]: +---[ECDSA 256]---+
[   14.954667] cloud-init[941]: |       ..+..     |
[   14.955749] cloud-init[941]: |        . o .    |
[   14.956861] cloud-init[941]: |         . o o . |
[   14.958100] cloud-init[941]: |       .  o * *  |
[   14.968954] cloud-init[941]: |      o So = B . |
[   14.970274] cloud-init[941]: |     . ...B . + .|
[   14.971567] cloud-init[941]: |    .  ..=oEoo.o.|
[   14.972917] cloud-init[941]: |     o .o.=*o=.o.|
[   14.974278] cloud-init[941]: |      o.oo.o=oo +|
[   14.975465] cloud-init[941]: +----[SHA256]-----+
[   14.976864] cloud-init[941]: Generating public/private ed25519 key pair.
[   14.978305] cloud-init[941]: Your identification has been saved in /etc/ssh/ssh_host_ed25519_key.
[   14.980074] cloud-init[941]: Your public key has been saved in /etc/ssh/ssh_host_ed25519_key.pub.
[   14.982457] cloud-init[941]: The key fingerprint is:
[   14.983587] cloud-init[941]: SHA256:3I8IDlqB77IVFpvCDRmITz3a5DEvtMprAPknKkw6sOI root@ubuntu-bionic
[   14.984906] cloud-init[941]: The key's randomart image is:
[   14.985889] cloud-init[941]: +--[ED25519 256]--+
[   14.986675] cloud-init[941]: |....             |
[   14.987587] cloud-init[941]: |o .+B            |
[   14.988579] cloud-init[941]: | ++*o*           |
[   14.989544] cloud-init[941]: |o.o+==.. .       |
[   14.990758] cloud-init[941]: |.oo.X.. S .      |
[   14.991551] cloud-init[941]: |o.=*.+ . . o     |
[   14.992334] cloud-init[941]: |=+o+o . . . .    |
[   14.993101] cloud-init[941]: |B.o+             |
[   14.994075] cloud-init[941]: |+E.              |
[   14.994867] cloud-init[941]: +----[SHA256]-----+
         Starting Accounts Service...
         Starting Dispatcher daemon for systemd-networkd...
[[0;32m  OK  [0m] Reached target Login Prompts (Pre).
[[0;32m  OK  [0m] Started irqbalance daemon.
[[0;32m  OK  [0m] Started Deferred execution scheduler.
         Starting Login Service...
         Starting LSB: automatic crash report generation...
         Starting Pollinate to seed the pseudo random number generator...
         Starting Snap Daemon...
[[0;32m  OK  [0m] Started System Logging Service.
[[0;32m  OK  [0m] Started LXD - container startup/shutdown.
[[0;32m  OK  [0m] Started Permit User Sessions.
         Starting Hold until boot process finishes up...
         Starting Terminate Plymouth Boot Screen...
[[0;32m  OK  [0m] Started Hold until boot process finishes up.
[[0;32m  OK  [0m] Started Terminate Plymouth Boot Screen.
[[0;32m  OK  [0m] Started LSB: automatic crash report generation.
[[0;32m  OK  [0m] Started Login Service.
[[0;32m  OK  [0m] Started Unattended Upgrades Shutdown.
         Starting Authorization Manager...
         Starting Set console scheme...
[[0;32m  OK  [0m] Started Serial Getty on ttyS0.
[[0;32m  OK  [0m] Started Authorization Manager.
[[0;32m  OK  [0m] Started Accounts Service.
[[0;32m  OK  [0m] Started Set console scheme.
[[0;32m  OK  [0m] Created slice system-getty.slice.
[[0;32m  OK  [0m] Started Getty on tty1.
[[0;32m  OK  [0m] Reached target Login Prompts.
[[0;32m  OK  [0m] Started LSB: Record successful boot for GRUB.
[[0;32m  OK  [0m] Started Virtualbox guest utils.
[[0;32m  OK  [0m] Started Dispatcher daemon for systemd-networkd.
[[0;32m  OK  [0m] Started Snap Daemon.
         Starting Wait until snapd is fully seeded...
[[0;32m  OK  [0m] Started Pollinate to seed the pseudo random number generator.
         Starting OpenBSD Secure Shell server...
[[0;32m  OK  [0m] Started OpenBSD Secure Shell server.
         Starting Time & Date Service...
[[0;32m  OK  [0m] Started Time & Date Service.
[[0;32m  OK  [0m] Started Wait until snapd is fully seeded.
         Starting Apply the settings specified in cloud-config...
[   17.578529] cloud-init[1499]: Cloud-init v. 23.1.2-0ubuntu0~18.04.1 running 'modules:config' at Mon, 02 Oct 2023 16:30:12 +0000. Up 17.19 seconds.
[[0;32m  OK  [0m] Started Apply the settings specified in cloud-config.
[[0;32m  OK  [0m] Reached target Multi-User System.
[[0;32m  OK  [0m] Reached target Graphical Interface.
         Starting Update UTMP about System Runlevel Changes...
         Starting Execute cloud user/final scripts...
[[0;32m  OK  [0m] Started Update UTMP about System Runlevel Changes.
ci-info: no authorized SSH keys fingerprints found for user ubuntu.
<14>Oct  2 16:30:13 cloud-init: #############################################################
<14>Oct  2 16:30:13 cloud-init: -----BEGIN SSH HOST KEY FINGERPRINTS-----
<14>Oct  2 16:30:13 cloud-init: 1024 SHA256:RGJYv7xok/cUVFW5Hy7V3hskUt/GZEwV7/t7kQaWw1o root@ubuntu-bionic (DSA)
<14>Oct  2 16:30:13 cloud-init: 256 SHA256:aPfzz3DnH4kLxrVqJ7ngKnztUFfyWdqSpBQgNbtnOnk root@ubuntu-bionic (ECDSA)
<14>Oct  2 16:30:13 cloud-init: 256 SHA256:3I8IDlqB77IVFpvCDRmITz3a5DEvtMprAPknKkw6sOI root@ubuntu-bionic (ED25519)
<14>Oct  2 16:30:13 cloud-init: 2048 SHA256:GjXXQHvfJ33AqWL/CpAZIbfDVSjifjTfrD1LlTcyiJE root@ubuntu-bionic (RSA)
<14>Oct  2 16:30:13 cloud-init: -----END SSH HOST KEY FINGERPRINTS-----
<14>Oct  2 16:30:13 cloud-init: #############################################################
-----BEGIN SSH HOST KEY KEYS-----
ecdsa-sha2-nistp256 AAAAE2VjZHNhLXNoYTItbmlzdHAyNTYAAAAIbmlzdHAyNTYAAABBBIZ4tjYGAdjvNiY4jUVQhy+ETgLLUE+Do9ky5Jc0czrKysK/kKCcUzILZB/p+lRFgbZqSMm9Fq09E13vdsVmOYI= root@ubuntu-bionic
ssh-ed25519 AAAAC3NzaC1lZDI1NTE5AAAAIIgwUupatPGIFunQhFn/cwFL3ISu6RWHygCP7pR7J1hu root@ubuntu-bionic
ssh-rsa AAAAB3NzaC1yc2EAAAADAQABAAABAQDcDz5LbtWcrkeMmyigrSwyT1ulWPKBDlwcouxccKhDN9Cafr+N/moE3xPe6xxnZ/G2hW/gr5eMSCkwGDJ1Qy0jJZ9kIoVS60NsX9DoTILl42vjez7T0YSA10L8vBfR3CNbKbS7e3SgJw9DjfgRpP4mkkoTZsKOpEvPAYnLN4iUW4JOs8AlwuqAx/Irkw59Yt5uvXWOjKBAE0uIsTaRDihTxPjwxfiuxWu+hjhynD5PdgFHyjUun1Qc6CkhJpikGentjrNlD2txMpn0W6kt1AB8u+qcQRQwNJlC5AqaVxiOxOqfS/1DXG6JTlTnxtgrMrNWV6TRV6bBIMpnGJVZa4pb root@ubuntu-bionic
-----END SSH HOST KEY KEYS-----
[   18.367434] cloud-init[1551]: Cloud-init v. 23.1.2-0ubuntu0~18.04.1 running 'modules:final' at Mon, 02 Oct 2023 16:30:13 +0000. Up 18.17 seconds.
[   18.368484] cloud-init[1551]: Cloud-init v. 23.1.2-0ubuntu0~18.04.1 finished at Mon, 02 Oct 2023 16:30:13 +0000. Datasource DataSourceNoCloud [seed=/dev/sdb][dsmode=net].  Up 18.35 seconds
[[0;32m  OK  [0m] Started Execute cloud user/final scripts.
[[0;32m  OK  [0m] Reached target Cloud-init target.

Ubuntu 18.04.6 LTS ubuntu-bionic ttyS0

ubuntu-bionic login: 